*************************************************************************
7.00.150715P-20160720
THREAD ERROR ([4464], roger, TEC-ROGERIO)   16/08/2016   14:28:19
argument #0 error, expected C->U,  function upper on GETNAME(CLOUDBRIDGE.PRW) 16/08/2016 13:21:54 line : 21

[build: 7.00.150715P-20160720]
[environment: ENVIRONMENT]
[thread: 4464]
[rpodb: SQLITE]
[localfiles: SQLLITE]
[remark: ]
[threadtype: RmtSockThread]
Called from CLOUDBRIDGE(CLOUDBRIDGE.PRW) 16/08/2016 13:21:54 line : 6


Variables in use
Publicas

STACK CLOUDBRIDGE(CLOUDBRIDGE.PRW) 16/08/2016 13:21:54

  Param 1: CLOUDPROG(U) : NIL
  Local 1: CLOUDPROG(U) :NIL
  Local 2: HTTPPORT(N) :43251

STACK GETNAME(CLOUDBRIDGE.PRW) 16/08/2016 13:21:54

  Param 1: CLOUDPROG(U) : NIL
  Local 1: CLOUDPROG(U) :NIL

Files

